<?xml version="1.0" encoding="UTF-8"?>
<robot generator="Robot 5.0.1 (Python 3.10.8 on win32)" generated="20221024 14:58:10.369" rpa="false" schemaversion="3">
<suite id="s1" name="Login" source="C:\Users\nnacer\PycharmProjects\pythonProject3\Projet_tnr_avito\tests\login.robot">
<test id="s1-t1" name="Chercher Un Bien Sur Avito" line="12">
<kw name="My Test Set Up" library="set_up" type="SETUP">
<arg>${URL}</arg>
<arg>${BROWSER}</arg>
<kw name="Log" library="BuiltIn">
<arg>Start Test Set Up</arg>
<doc>Logs the given message with the given level.</doc>
<msg timestamp="20221024 14:58:10.680" level="INFO">Start Test Set Up</msg>
<status status="PASS" starttime="20221024 14:58:10.680" endtime="20221024 14:58:10.680"/>
</kw>
<kw name="Open Browser" library="SeleniumLibrary">
<arg>${URL}</arg>
<arg>${BROWSER}</arg>
<doc>Opens a new browser instance to the optional ``url``.</doc>
<msg timestamp="20221024 14:58:10.681" level="INFO">Opening browser 'chrome' to base url 'https://www.avito.ma/'.</msg>
<status status="PASS" starttime="20221024 14:58:10.680" endtime="20221024 14:58:20.781"/>
</kw>
<kw name="Maximize Browser Window" library="SeleniumLibrary">
<doc>Maximizes current browser window.</doc>
<status status="PASS" starttime="20221024 14:58:20.782" endtime="20221024 14:58:20.962"/>
</kw>
<status status="PASS" starttime="20221024 14:58:10.678" endtime="20221024 14:58:20.963"/>
</kw>
<kw name="Given Recherhcer Sur Avito" library="page_home">
<arg>${BIEN}</arg>
<kw name="Wait Until Element Is Visible" library="SeleniumLibrary">
<arg>${CHAMPS_RECHERCHE}</arg>
<doc>Waits until the element ``locator`` is visible.</doc>
<status status="PASS" starttime="20221024 14:58:20.972" endtime="20221024 14:58:21.098"/>
</kw>
<kw name="Click Element" library="SeleniumLibrary">
<arg>${CHAMPS_RECHERCHE}</arg>
<doc>Click the element identified by ``locator``.</doc>
<msg timestamp="20221024 14:58:21.098" level="INFO">Clicking element 'name:keyword'.</msg>
<status status="PASS" starttime="20221024 14:58:21.098" endtime="20221024 14:58:21.166"/>
</kw>
<kw name="Input Text" library="SeleniumLibrary">
<arg>${CHAMPS_RECHERCHE}</arg>
<arg>${Filter}</arg>
<doc>Types the given ``text`` into the text field identified by ``locator``.</doc>
<msg timestamp="20221024 14:58:21.167" level="INFO">Typing text 'Voiture' into text field 'name:keyword'.</msg>
<status status="PASS" starttime="20221024 14:58:21.166" endtime="20221024 14:58:21.383"/>
</kw>
<status status="PASS" starttime="20221024 14:58:20.967" endtime="20221024 14:58:21.383"/>
</kw>
<kw name="When Cliquer Bouton Recherche" library="page_home">
<kw name="Wait Until Element Is Visible" library="SeleniumLibrary">
<arg>${BUTTON_RECHERCHER}</arg>
<arg>5s</arg>
<doc>Waits until the element ``locator`` is visible.</doc>
<status status="PASS" starttime="20221024 14:58:21.385" endtime="20221024 14:58:21.426"/>
</kw>
<kw name="Click Element" library="SeleniumLibrary">
<arg>${BUTTON_RECHERCHER}</arg>
<doc>Click the element identified by ``locator``.</doc>
<msg timestamp="20221024 14:58:21.427" level="INFO">Clicking element 'xpath://button[@aria-label='Rechercher']'.</msg>
<status status="PASS" starttime="20221024 14:58:21.426" endtime="20221024 14:58:27.402"/>
</kw>
<status status="PASS" starttime="20221024 14:58:21.384" endtime="20221024 14:58:27.402"/>
</kw>
<kw name="Then Un Ensemble Des Voitures Affichee" library="page_home">
<kw name="Log" library="BuiltIn">
<arg>test</arg>
<doc>Logs the given message with the given level.</doc>
<msg timestamp="20221024 14:58:27.403" level="INFO">test</msg>
<status status="PASS" starttime="20221024 14:58:27.403" endtime="20221024 14:58:27.403"/>
</kw>
<status status="PASS" starttime="20221024 14:58:27.402" endtime="20221024 14:58:27.403"/>
</kw>
<kw name="My Test Tear Down" library="set_up" type="TEARDOWN">
<kw name="Log" library="BuiltIn">
<arg>Start Test Test Tear Down</arg>
<doc>Logs the given message with the given level.</doc>
<msg timestamp="20221024 14:58:27.404" level="INFO">Start Test Test Tear Down</msg>
<status status="PASS" starttime="20221024 14:58:27.404" endtime="20221024 14:58:27.404"/>
</kw>
<kw name="Run Keyword If Test Failed" library="BuiltIn">
<arg>Capture Page Screenshot</arg>
<doc>Runs the given keyword with the given arguments, if the test failed.</doc>
<status status="PASS" starttime="20221024 14:58:27.404" endtime="20221024 14:58:27.404"/>
</kw>
<kw name="Run Keyword And Ignore Error" library="BuiltIn">
<arg>Close All Browsers</arg>
<doc>Runs the given keyword with the given arguments and ignores possible error.</doc>
<kw name="Close All Browsers" library="SeleniumLibrary">
<doc>Closes all open browsers and resets the browser cache.</doc>
<status status="PASS" starttime="20221024 14:58:27.404" endtime="20221024 14:58:29.814"/>
</kw>
<status status="PASS" starttime="20221024 14:58:27.404" endtime="20221024 14:58:29.814"/>
</kw>
<kw name="Run Keyword If Test Passed" library="BuiltIn">
<arg>Close All Browsers</arg>
<doc>Runs the given keyword with the given arguments, if the test passed.</doc>
<kw name="Close All Browsers" library="SeleniumLibrary">
<doc>Closes all open browsers and resets the browser cache.</doc>
<status status="PASS" starttime="20221024 14:58:29.814" endtime="20221024 14:58:29.815"/>
</kw>
<status status="PASS" starttime="20221024 14:58:29.814" endtime="20221024 14:58:29.815"/>
</kw>
<status status="PASS" starttime="20221024 14:58:27.403" endtime="20221024 14:58:29.815"/>
</kw>
<status status="PASS" starttime="20221024 14:58:10.678" endtime="20221024 14:58:29.816"/>
</test>
<status status="PASS" starttime="20221024 14:58:10.373" endtime="20221024 14:58:29.819"/>
</suite>
<statistics>
<total>
<stat pass="1" fail="0" skip="0">All Tests</stat>
</total>
<tag>
</tag>
<suite>
<stat pass="1" fail="0" skip="0" id="s1" name="Login">Login</stat>
</suite>
</statistics>
<errors>
</errors>
</robot>
